<?xml version="1.0" encoding="UTF-8"?>
<!-- Generated by org.testng.reporters.JUnitReportReporter -->
<testsuite hostname="LAPTOP-FIQ8QU3B" failures="0" tests="1" name="pageObjectTask.WebFormAutomation_Test" time="0.729" errors="0" timestamp="2024-07-04T23:55:49 IST" skipped="0">
  <testcase classname="pageObjectTask.WebFormAutomation_Test" name="fillWebform" time="0.729"/>
</testsuite> <!-- pageObjectTask.WebFormAutomation_Test -->
