<?xml version="1.0" encoding="UTF-8"?>
<!-- Generated by org.testng.reporters.JUnitReportReporter -->
<testsuite hostname="LAPTOP-FIQ8QU3B" failures="0" tests="1" name="Testscript.WindowsPopup" time="1.322" errors="0" timestamp="2024-07-05T00:50:01 IST" skipped="0">
  <testcase classname="Testscript.WindowsPopup" name="windowTask" time="1.322"/>
</testsuite> <!-- Testscript.WindowsPopup -->
