<?xml version="1.0" encoding="UTF-8"?>
<!-- Generated by org.testng.reporters.JUnitReportReporter -->
<testsuite hostname="LAPTOP-FIQ8QU3B" failures="0" tests="1" name="Testscript.GoibiboAssignment1" time="9.636" errors="0" timestamp="2024-06-29T13:52:36 IST" skipped="0">
  <testcase classname="Testscript.GoibiboAssignment1" name="Implicitwaiteg2" time="9.636"/>
</testsuite> <!-- Testscript.GoibiboAssignment1 -->
