<?xml version="1.0" encoding="UTF-8"?>
<!-- Generated by org.testng.reporters.JUnitReportReporter -->
<testsuite hostname="LAPTOP-FIQ8QU3B" failures="0" tests="2" name="waits.HerokuL1_Test" time="15.943" errors="0" timestamp="2024-07-03T23:26:07 IST" skipped="0">
  <testcase classname="waits.HerokuL1_Test" name="l1login" time="8.843"/>
  <testcase classname="waits.HerokuL1_Test" name="l2login" time="7.100"/>
</testsuite> <!-- waits.HerokuL1_Test -->
