<?xml version="1.0" encoding="UTF-8"?>
<!-- Generated by org.testng.reporters.JUnitReportReporter -->
<testsuite hostname="LAPTOP-FIQ8QU3B" failures="0" tests="1" name="Testscript.AlertTask" time="0.264" errors="0" timestamp="2024-07-05T00:34:57 IST" skipped="0">
  <testcase classname="Testscript.AlertTask" name="AlertActionsHandling" time="0.264"/>
</testsuite> <!-- Testscript.AlertTask -->
