<?xml version="1.0" encoding="UTF-8"?>
<!-- Generated by org.testng.reporters.JUnitReportReporter -->
<testsuite hostname="LAPTOP-FIQ8QU3B" failures="0" tests="1" name="Testscript.WindowHandle_assignment2" time="23.260" errors="0" timestamp="2024-06-29T13:46:10 IST" skipped="0">
  <testcase classname="Testscript.WindowHandle_assignment2" name="WindowPopup" time="23.260"/>
</testsuite> <!-- Testscript.WindowHandle_assignment2 -->
