<?xml version="1.0" encoding="UTF-8"?>
<!-- Generated by org.testng.reporters.JUnitReportReporter -->
<testsuite hostname="LAPTOP-FIQ8QU3B" failures="0" tests="2" name="Testscript.ImplicitWaitTask" time="19.324" errors="0" timestamp="2024-06-29T15:17:36 IST" skipped="0">
  <testcase classname="Testscript.ImplicitWaitTask" name="Implicitwaiteg" time="9.845"/>
  <testcase classname="Testscript.ImplicitWaitTask" name="Implicitwaiteg2" time="9.479"/>
</testsuite> <!-- Testscript.ImplicitWaitTask -->
