<?xml version="1.0" encoding="UTF-8"?>
<!-- Generated by org.testng.reporters.JUnitReportReporter -->
<testsuite hostname="LAPTOP-FIQ8QU3B" failures="0" tests="1" name="pageObjectTask.OrangeHRMTest" time="6.577" errors="0" timestamp="2024-07-03T23:35:28 IST" skipped="0">
  <testcase classname="pageObjectTask.OrangeHRMTest" name="OrangeHRMLogin" time="6.577"/>
</testsuite> <!-- pageObjectTask.OrangeHRMTest -->
