<?xml version="1.0" encoding="UTF-8"?>
<!-- Generated by org.testng.reporters.JUnitReportReporter -->
<testsuite hostname="LAPTOP-FIQ8QU3B" failures="0" tests="1" name="waits.ImplicitWaitTask" time="9.409" errors="0" timestamp="2024-07-03T23:15:02 IST" skipped="0">
  <testcase classname="waits.ImplicitWaitTask" name="l2login" time="9.409"/>
</testsuite> <!-- waits.ImplicitWaitTask -->
