<?xml version="1.0" encoding="UTF-8"?>
<!-- Generated by org.testng.reporters.JUnitReportReporter -->
<testsuite hostname="LAPTOP-FIQ8QU3B" failures="0" tests="1" name="Testscript.MyfirstSeleniumTest" time="11.957" errors="0" timestamp="2024-06-23T21:15:12 IST" skipped="0">
  <testcase classname="Testscript.MyfirstSeleniumTest" name="AlertActionsHandling" time="11.957"/>
</testsuite> <!-- Testscript.MyfirstSeleniumTest -->
